<?xml version="1.0" encoding="UTF-8"?>
<testng-results ignored="0" total="2" passed="2" failed="0" skipped="0">
  <reporter-output>
  </reporter-output>
  <suite started-at="2025-07-13T19:53:03 IST" name="Suite" finished-at="2025-07-13T19:53:12 IST" duration-ms="9619">
    <groups>
      <group name="Master">
        <method signature="Tc001_AccountRegistrationTest.verify_account_registration()[pri:0, instance:testCases.Tc001_AccountRegistrationTest@1fc32e4f]" name="verify_account_registration" class="testCases.Tc001_AccountRegistrationTest"/>
        <method signature="Tc002_LoginTest.verify_login()[pri:0, instance:testCases.Tc002_LoginTest@291a7e3c]" name="verify_login" class="testCases.Tc002_LoginTest"/>
      </group> <!-- Master -->
      <group name="Sanity">
        <method signature="Tc002_LoginTest.verify_login()[pri:0, instance:testCases.Tc002_LoginTest@291a7e3c]" name="verify_login" class="testCases.Tc002_LoginTest"/>
      </group> <!-- Sanity -->
      <group name="Regression">
        <method signature="Tc001_AccountRegistrationTest.verify_account_registration()[pri:0, instance:testCases.Tc001_AccountRegistrationTest@1fc32e4f]" name="verify_account_registration" class="testCases.Tc001_AccountRegistrationTest"/>
      </group> <!-- Regression -->
    </groups>
    <test started-at="2025-07-13T19:53:03 IST" name="Test" finished-at="2025-07-13T19:53:12 IST" duration-ms="9619">
      <class name="testCases.Tc001_AccountRegistrationTest">
        <test-method is-config="true" signature="setup(java.lang.String,java.lang.String)[pri:0, instance:testCases.Tc001_AccountRegistrationTest@1fc32e4f]" started-at="2025-07-13T19:53:03 IST" name="setup" finished-at="2025-07-13T19:53:06 IST" duration-ms="2758" status="PASS">
          <params>
            <param index="0">
              <value>
                <![CDATA[Windows]]>
              </value>
            </param>
            <param index="1">
              <value>
                <![CDATA[chrome]]>
              </value>
            </param>
          </params>
          <reporter-output>
          </reporter-output>
        </test-method> <!-- setup -->
        <test-method signature="verify_account_registration()[pri:0, instance:testCases.Tc001_AccountRegistrationTest@1fc32e4f]" started-at="2025-07-13T19:53:06 IST" name="verify_account_registration" finished-at="2025-07-13T19:53:08 IST" duration-ms="1979" status="PASS">
          <reporter-output>
          </reporter-output>
        </test-method> <!-- verify_account_registration -->
        <test-method is-config="true" signature="teardown()[pri:0, instance:testCases.Tc001_AccountRegistrationTest@1fc32e4f]" started-at="2025-07-13T19:53:08 IST" name="teardown" finished-at="2025-07-13T19:53:08 IST" duration-ms="377" status="PASS">
          <reporter-output>
          </reporter-output>
        </test-method> <!-- teardown -->
      </class> <!-- testCases.Tc001_AccountRegistrationTest -->
      <class name="testCases.Tc002_LoginTest">
        <test-method is-config="true" signature="setup(java.lang.String,java.lang.String)[pri:0, instance:testCases.Tc002_LoginTest@291a7e3c]" started-at="2025-07-13T19:53:08 IST" name="setup" finished-at="2025-07-13T19:53:11 IST" duration-ms="2504" status="PASS">
          <params>
            <param index="0">
              <value>
                <![CDATA[Windows]]>
              </value>
            </param>
            <param index="1">
              <value>
                <![CDATA[chrome]]>
              </value>
            </param>
          </params>
          <reporter-output>
          </reporter-output>
        </test-method> <!-- setup -->
        <test-method signature="verify_login()[pri:0, instance:testCases.Tc002_LoginTest@291a7e3c]" started-at="2025-07-13T19:53:11 IST" name="verify_login" finished-at="2025-07-13T19:53:12 IST" duration-ms="1450" status="PASS">
          <reporter-output>
          </reporter-output>
        </test-method> <!-- verify_login -->
        <test-method is-config="true" signature="teardown()[pri:0, instance:testCases.Tc002_LoginTest@291a7e3c]" started-at="2025-07-13T19:53:12 IST" name="teardown" finished-at="2025-07-13T19:53:12 IST" duration-ms="327" status="PASS">
          <reporter-output>
          </reporter-output>
        </test-method> <!-- teardown -->
      </class> <!-- testCases.Tc002_LoginTest -->
    </test> <!-- Test -->
  </suite> <!-- Suite -->
</testng-results>
