<?xml version="1.0" encoding="UTF-8"?>
<testng-results ignored="0" total="2" passed="2" failed="0" skipped="0">
  <reporter-output>
  </reporter-output>
  <suite started-at="2025-07-12T16:53:40 IST" name="Suite" finished-at="2025-07-12T16:53:55 IST" duration-ms="15289">
    <groups>
      <group name="Master">
        <method signature="Tc001_AccountRegistrationTest.verify_account_registration()[pri:0, instance:testCases.Tc001_AccountRegistrationTest@11f0a5a1]" name="verify_account_registration" class="testCases.Tc001_AccountRegistrationTest"/>
        <method signature="Tc002_LoginTest.verify_login()[pri:0, instance:testCases.Tc002_LoginTest@6bf08014]" name="verify_login" class="testCases.Tc002_LoginTest"/>
      </group> <!-- Master -->
      <group name="Sanity">
        <method signature="Tc002_LoginTest.verify_login()[pri:0, instance:testCases.Tc002_LoginTest@6bf08014]" name="verify_login" class="testCases.Tc002_LoginTest"/>
      </group> <!-- Sanity -->
      <group name="Regression">
        <method signature="Tc001_AccountRegistrationTest.verify_account_registration()[pri:0, instance:testCases.Tc001_AccountRegistrationTest@11f0a5a1]" name="verify_account_registration" class="testCases.Tc001_AccountRegistrationTest"/>
      </group> <!-- Regression -->
    </groups>
    <test started-at="2025-07-12T16:53:40 IST" name="Test" finished-at="2025-07-12T16:53:55 IST" duration-ms="15289">
      <class name="testCases.Tc001_AccountRegistrationTest">
        <test-method is-config="true" signature="setup(java.lang.String,java.lang.String)[pri:0, instance:testCases.Tc001_AccountRegistrationTest@11f0a5a1]" started-at="2025-07-12T16:53:40 IST" name="setup" finished-at="2025-07-12T16:53:45 IST" duration-ms="4608" status="PASS">
          <params>
            <param index="0">
              <value>
                <![CDATA[Windows]]>
              </value>
            </param>
            <param index="1">
              <value>
                <![CDATA[chrome]]>
              </value>
            </param>
          </params>
          <reporter-output>
          </reporter-output>
        </test-method> <!-- setup -->
        <test-method signature="verify_account_registration()[pri:0, instance:testCases.Tc001_AccountRegistrationTest@11f0a5a1]" started-at="2025-07-12T16:53:45 IST" name="verify_account_registration" finished-at="2025-07-12T16:53:47 IST" duration-ms="2685" status="PASS">
          <reporter-output>
          </reporter-output>
        </test-method> <!-- verify_account_registration -->
        <test-method is-config="true" signature="teardown()[pri:0, instance:testCases.Tc001_AccountRegistrationTest@11f0a5a1]" started-at="2025-07-12T16:53:47 IST" name="teardown" finished-at="2025-07-12T16:53:48 IST" duration-ms="382" status="PASS">
          <reporter-output>
          </reporter-output>
        </test-method> <!-- teardown -->
      </class> <!-- testCases.Tc001_AccountRegistrationTest -->
      <class name="testCases.Tc002_LoginTest">
        <test-method is-config="true" signature="setup(java.lang.String,java.lang.String)[pri:0, instance:testCases.Tc002_LoginTest@6bf08014]" started-at="2025-07-12T16:53:48 IST" name="setup" finished-at="2025-07-12T16:53:53 IST" duration-ms="4969" status="PASS">
          <params>
            <param index="0">
              <value>
                <![CDATA[Windows]]>
              </value>
            </param>
            <param index="1">
              <value>
                <![CDATA[chrome]]>
              </value>
            </param>
          </params>
          <reporter-output>
          </reporter-output>
        </test-method> <!-- setup -->
        <test-method signature="verify_login()[pri:0, instance:testCases.Tc002_LoginTest@6bf08014]" started-at="2025-07-12T16:53:53 IST" name="verify_login" finished-at="2025-07-12T16:53:55 IST" duration-ms="1916" status="PASS">
          <reporter-output>
          </reporter-output>
        </test-method> <!-- verify_login -->
        <test-method is-config="true" signature="teardown()[pri:0, instance:testCases.Tc002_LoginTest@6bf08014]" started-at="2025-07-12T16:53:55 IST" name="teardown" finished-at="2025-07-12T16:53:55 IST" duration-ms="365" status="PASS">
          <reporter-output>
          </reporter-output>
        </test-method> <!-- teardown -->
      </class> <!-- testCases.Tc002_LoginTest -->
    </test> <!-- Test -->
  </suite> <!-- Suite -->
</testng-results>
