<?xml version="1.0" encoding="UTF-8"?>
<testng-results ignored="0" total="2" passed="2" failed="0" skipped="0">
  <reporter-output>
  </reporter-output>
  <suite started-at="2025-07-08T23:23:29 IST" name="Suite" finished-at="2025-07-08T23:23:40 IST" duration-ms="11298">
    <groups>
      <group name="Master">
        <method signature="Tc001_AccountRegistrationTest.verify_account_registration()[pri:0, instance:testCases.Tc001_AccountRegistrationTest@1afdd473]" name="verify_account_registration" class="testCases.Tc001_AccountRegistrationTest"/>
        <method signature="Tc002_LoginTest.verify_login()[pri:0, instance:testCases.Tc002_LoginTest@6a55299e]" name="verify_login" class="testCases.Tc002_LoginTest"/>
      </group> <!-- Master -->
      <group name="Sanity">
        <method signature="Tc002_LoginTest.verify_login()[pri:0, instance:testCases.Tc002_LoginTest@6a55299e]" name="verify_login" class="testCases.Tc002_LoginTest"/>
      </group> <!-- Sanity -->
      <group name="Regression">
        <method signature="Tc001_AccountRegistrationTest.verify_account_registration()[pri:0, instance:testCases.Tc001_AccountRegistrationTest@1afdd473]" name="verify_account_registration" class="testCases.Tc001_AccountRegistrationTest"/>
      </group> <!-- Regression -->
    </groups>
    <test started-at="2025-07-08T23:23:29 IST" name="Test" finished-at="2025-07-08T23:23:40 IST" duration-ms="11298">
      <class name="testCases.Tc001_AccountRegistrationTest">
        <test-method is-config="true" signature="setup(java.lang.String,java.lang.String)[pri:0, instance:testCases.Tc001_AccountRegistrationTest@1afdd473]" started-at="2025-07-08T23:23:29 IST" name="setup" finished-at="2025-07-08T23:23:32 IST" duration-ms="3004" status="PASS">
          <params>
            <param index="0">
              <value>
                <![CDATA[Windows]]>
              </value>
            </param>
            <param index="1">
              <value>
                <![CDATA[chrome]]>
              </value>
            </param>
          </params>
          <reporter-output>
          </reporter-output>
        </test-method> <!-- setup -->
        <test-method signature="verify_account_registration()[pri:0, instance:testCases.Tc001_AccountRegistrationTest@1afdd473]" started-at="2025-07-08T23:23:32 IST" name="verify_account_registration" finished-at="2025-07-08T23:23:36 IST" duration-ms="3218" status="PASS">
          <reporter-output>
          </reporter-output>
        </test-method> <!-- verify_account_registration -->
        <test-method is-config="true" signature="teardown()[pri:0, instance:testCases.Tc001_AccountRegistrationTest@1afdd473]" started-at="2025-07-08T23:23:36 IST" name="teardown" finished-at="2025-07-08T23:23:36 IST" duration-ms="398" status="PASS">
          <reporter-output>
          </reporter-output>
        </test-method> <!-- teardown -->
      </class> <!-- testCases.Tc001_AccountRegistrationTest -->
      <class name="testCases.Tc002_LoginTest">
        <test-method is-config="true" signature="setup(java.lang.String,java.lang.String)[pri:0, instance:testCases.Tc002_LoginTest@6a55299e]" started-at="2025-07-08T23:23:36 IST" name="setup" finished-at="2025-07-08T23:23:38 IST" duration-ms="2160" status="PASS">
          <params>
            <param index="0">
              <value>
                <![CDATA[Windows]]>
              </value>
            </param>
            <param index="1">
              <value>
                <![CDATA[chrome]]>
              </value>
            </param>
          </params>
          <reporter-output>
          </reporter-output>
        </test-method> <!-- setup -->
        <test-method signature="verify_login()[pri:0, instance:testCases.Tc002_LoginTest@6a55299e]" started-at="2025-07-08T23:23:38 IST" name="verify_login" finished-at="2025-07-08T23:23:40 IST" duration-ms="1725" status="PASS">
          <reporter-output>
          </reporter-output>
        </test-method> <!-- verify_login -->
        <test-method is-config="true" signature="teardown()[pri:0, instance:testCases.Tc002_LoginTest@6a55299e]" started-at="2025-07-08T23:23:40 IST" name="teardown" finished-at="2025-07-08T23:23:40 IST" duration-ms="354" status="PASS">
          <reporter-output>
          </reporter-output>
        </test-method> <!-- teardown -->
      </class> <!-- testCases.Tc002_LoginTest -->
    </test> <!-- Test -->
  </suite> <!-- Suite -->
</testng-results>
